<?xml version="1.0" encoding="UTF-8"?>
<!-- Generated by org.testng.reporters.JUnitReportReporter -->
<testsuite hostname="Anjali" failures="0" tests="1" name="com.crm.qa.testcases.HomePageTest" time="8.972" errors="0" timestamp="22 Jan 2023 03:45:15 GMT" skipped="0">
  <testcase classname="com.crm.qa.testcases.HomePageTest" name="verifyHomePageTitleTest" time="8.972"/>
</testsuite> <!-- com.crm.qa.testcases.HomePageTest -->
