<?xml version="1.0" encoding="UTF-8"?>
<!-- Generated by org.testng.reporters.JUnitReportReporter -->
<testsuite hostname="Anjali" failures="0" tests="2" name="com.crm.qa.testcases.LoginPageTest" time="19.169" errors="0" timestamp="22 Jan 2023 03:45:15 GMT" skipped="0">
  <testcase classname="com.crm.qa.testcases.LoginPageTest" name="validateLoginPageTitileTest" time="8.394"/>
  <testcase classname="com.crm.qa.testcases.LoginPageTest" name="loginTest" time="10.775"/>
</testsuite> <!-- com.crm.qa.testcases.LoginPageTest -->
