<?xml version="1.0" encoding="UTF-8"?>
<!-- Generated by org.testng.reporters.JUnitReportReporter -->
<testsuite hostname="Anjali" failures="0" tests="1" name="com.crm.qa.testcases.IndexPageTest" time="10.324" errors="0" timestamp="17 Jan 2023 00:48:07 GMT" skipped="0">
  <testcase classname="com.crm.qa.testcases.IndexPageTest" name="loginLinkClickTest" time="10.324"/>
</testsuite> <!-- com.crm.qa.testcases.IndexPageTest -->
