<?xml version="1.0" encoding="UTF-8"?>
<!-- Generated by org.testng.reporters.JUnitReportReporter -->
<testsuite hostname="Anjali" failures="0" tests="1" name="com.crm.qa.testcases.LoginPageTest" time="8.177" errors="0" timestamp="22 Jan 2023 02:59:29 GMT" skipped="0">
  <testcase classname="com.crm.qa.testcases.LoginPageTest" name="validateLoginPageTitileTest" time="8.177"/>
</testsuite> <!-- com.crm.qa.testcases.LoginPageTest -->
