<?xml version="1.0" encoding="UTF-8"?>
<!-- Generated by org.testng.reporters.JUnitReportReporter -->
<testsuite hostname="Anjali" failures="0" tests="1" name="com.crm.qa.testcases.ContactsPageTest" time="15.978" errors="0" timestamp="22 Jan 2023 02:59:29 GMT" skipped="0">
  <testcase classname="com.crm.qa.testcases.ContactsPageTest" name="verifyContactsLableTest" time="15.978"/>
</testsuite> <!-- com.crm.qa.testcases.ContactsPageTest -->
